{"level":"info","message":"Starting server","service":"acquisitions-api"}
{"level":"info","message":"::1 - - [12/Sep/2025:19:41:21 +0000] \"GET / HTTP/1.1\" 304 - \"-\" \"Mozilla/5.0 (Windows NT 10.0; Win64; x64) AppleWebKit/537.36 (KHTML, like Gecko) Chrome/140.0.0.0 Safari/537.36\"","service":"acquisitions-api"}
{"level":"info","message":"::1 - - [13/Sep/2025:07:13:37 +0000] \"GET / HTTP/1.1\" 200 23 \"-\" \"PostmanRuntime/7.46.0\"","service":"acquisitions-api"}
{"level":"info","message":"::1 - - [13/Sep/2025:07:13:59 +0000] \"GET /api HTTP/1.1\" 200 41 \"-\" \"PostmanRuntime/7.46.0\"","service":"acquisitions-api"}
{"level":"info","message":"::1 - - [13/Sep/2025:07:14:18 +0000] \"GET /health HTTP/1.1\" 200 74 \"-\" \"PostmanRuntime/7.46.0\"","service":"acquisitions-api"}
{"level":"info","message":"::1 - - [13/Sep/2025:07:14:54 +0000] \"POST /api/auth/sign-in HTTP/1.1\" 200 21 \"-\" \"PostmanRuntime/7.46.0\"","service":"acquisitions-api"}
{"level":"info","message":"User Registered successfully with: rohanvishwakarma8261@gmail.com","service":"acquisitions-api"}
{"level":"error","message":"Sign Up Error:  res.stale is not a function","service":"acquisitions-api","stack":"TypeError: res.stale is not a function\n    at signUp (file:///D:/devops/src/controller/auth.controller.js:24:13)\n    at Layer.handleRequest (D:\\devops\\node_modules\\router\\lib\\layer.js:152:17)\n    at next (D:\\devops\\node_modules\\router\\lib\\route.js:157:13)\n    at Route.dispatch (D:\\devops\\node_modules\\router\\lib\\route.js:117:3)\n    at handle (D:\\devops\\node_modules\\router\\index.js:435:11)\n    at Layer.handleRequest (D:\\devops\\node_modules\\router\\lib\\layer.js:152:17)\n    at D:\\devops\\node_modules\\router\\index.js:295:15\n    at processParams (D:\\devops\\node_modules\\router\\index.js:582:12)\n    at next (D:\\devops\\node_modules\\router\\index.js:291:5)\n    at router.handle (D:\\devops\\node_modules\\router\\index.js:186:3)"}
{"level":"info","message":"::1 - - [13/Sep/2025:08:18:40 +0000] \"POST /api/auth/sign-up HTTP/1.1\" 500 975 \"-\" \"PostmanRuntime/7.46.0\"","service":"acquisitions-api"}
{"level":"info","message":"User Registered successfully with: rohanvishwakarma8261@gmail.com","service":"acquisitions-api"}
{"level":"info","message":"::1 - - [13/Sep/2025:08:19:28 +0000] \"POST /api/auth/sign-up HTTP/1.1\" 201 128 \"-\" \"PostmanRuntime/7.46.0\"","service":"acquisitions-api"}
{"level":"info","message":"User rohanvishwakarma8261@gmail.com created successfully.","service":"acquisitions-api"}
{"level":"info","message":"User Registered successfully with: rohanvishwakarma8261@gmail.com","service":"acquisitions-api"}
{"level":"info","message":"::1 - - [13/Sep/2025:09:15:15 +0000] \"POST /api/auth/sign-up HTTP/1.1\" 201 128 \"-\" \"PostmanRuntime/7.46.0\"","service":"acquisitions-api"}
{"level":"info","message":"User rohanvishwakarma8261@gmail.com authenticated successfully.","service":"acquisitions-api"}
{"level":"info","message":"User logged in successfully: rohanvishwakarma8261@gmail.com","service":"acquisitions-api"}
{"level":"info","message":"::1 - - [13/Sep/2025:10:21:06 +0000] \"POST /api/auth/sign-in HTTP/1.1\" 200 140 \"-\" \"PostmanRuntime/7.46.0\"","service":"acquisitions-api"}
{"level":"info","message":"User logged out successfully","service":"acquisitions-api"}
{"level":"info","message":"::1 - - [13/Sep/2025:10:21:21 +0000] \"POST /api/auth/sign-out HTTP/1.1\" 200 42 \"-\" \"PostmanRuntime/7.46.0\"","service":"acquisitions-api"}
{"ip":"::1","level":"warn","message":"Bot request blocked","path":"/api/health","service":"acquisitions-api","userAgent":"PostmanRuntime/7.46.0"}
{"level":"info","message":"::1 - - [15/Sep/2025:16:29:01 +0000] \"POST /api/health HTTP/1.1\" 403 68 \"-\" \"PostmanRuntime/7.46.0\"","service":"acquisitions-api"}
{"ip":"::1","level":"warn","message":"Bot request blocked","path":"/api/health","service":"acquisitions-api","userAgent":"PostmanRuntime/7.46.0"}
{"level":"info","message":"::1 - - [15/Sep/2025:16:29:08 +0000] \"POST /api/health HTTP/1.1\" 403 68 \"-\" \"PostmanRuntime/7.46.0\"","service":"acquisitions-api"}
{"ip":"::1","level":"warn","message":"Bot request blocked","path":"/api/health","service":"acquisitions-api","userAgent":"PostmanRuntime/7.46.0"}
{"level":"info","message":"::1 - - [15/Sep/2025:16:29:09 +0000] \"POST /api/health HTTP/1.1\" 403 68 \"-\" \"PostmanRuntime/7.46.0\"","service":"acquisitions-api"}
{"ip":"::1","level":"warn","message":"Bot request blocked","path":"/api/health","service":"acquisitions-api","userAgent":"PostmanRuntime/7.46.0"}
{"level":"info","message":"::1 - - [15/Sep/2025:16:29:10 +0000] \"POST /api/health HTTP/1.1\" 403 68 \"-\" \"PostmanRuntime/7.46.0\"","service":"acquisitions-api"}
